<?xml version="1.0" encoding="UTF-8"?>
<!-- Generated by org.testng.reporters.JUnitReportReporter -->
<testsuite skipped="0" hostname="QINDW238" name="Academy.homePage" tests="1" failures="0" timestamp="23 Dec 2019 13:16:45 GMT" time="2.652" errors="0">
  <testcase name="basePageNavigation" time="2.652" classname="Academy.homePage"/>
</testsuite> <!-- Academy.homePage -->
