<?xml version="1.0" encoding="UTF-8"?>
<!-- Generated by org.testng.reporters.JUnitReportReporter -->
<testsuite skipped="0" hostname="QINDW238" name="com.tests.ValidateNavigationBar" tests="1" failures="0" timestamp="30 Dec 2019 11:27:33 GMT" time="0.056" errors="0">
  <testcase name="validateNavBar" time="0.056" classname="com.tests.ValidateNavigationBar"/>
</testsuite> <!-- com.tests.ValidateNavigationBar -->
