<?xml version="1.0" encoding="UTF-8"?>
<!-- Generated by org.testng.reporters.JUnitReportReporter -->
<testsuite skipped="0" hostname="QINDW238" name="Academy.homePage" tests="1" failures="0" timestamp="30 Dec 2019 06:09:58 GMT" time="15.947" errors="0">
  <testcase name="basePageNavigation" time="15.947" classname="Academy.homePage"/>
</testsuite> <!-- Academy.homePage -->
