<?xml version="1.0" encoding="UTF-8"?>
<!-- Generated by org.testng.reporters.JUnitReportReporter -->
<testsuite skipped="0" hostname="Naresh" name="Academy.homePage" tests="1" failures="0" timestamp="23 Dec 2019 17:09:15 GMT" time="39.379" errors="0">
  <testcase name="basePageNavigation" time="39.379" classname="Academy.homePage"/>
</testsuite> <!-- Academy.homePage -->
