<?xml version="1.0" encoding="UTF-8"?>
<!-- Generated by org.testng.reporters.JUnitReportReporter -->
<testsuite skipped="0" hostname="QINDW238" name="Academy.homePage" tests="2" failures="0" timestamp="30 Dec 2019 08:56:25 GMT" time="32.457" errors="0">
  <testcase name="basePageNavigation" time="15.242" classname="Academy.homePage"/>
  <testcase name="basePageNavigation" time="17.215" classname="Academy.homePage"/>
</testsuite> <!-- Academy.homePage -->
