<?xml version="1.0" encoding="UTF-8"?>
<!-- Generated by org.testng.reporters.JUnitReportReporter -->
<testsuite skipped="0" hostname="QINDW238" name="com.tests.ValidateTitle" tests="1" failures="0" timestamp="30 Dec 2019 11:28:01 GMT" time="0.039" errors="0">
  <testcase name="validateTitle" time="0.039" classname="com.tests.ValidateTitle"/>
</testsuite> <!-- com.tests.ValidateTitle -->
